TN:
SF:src\debug-mode.ts
FN:4,(anonymous_0)
FN:6,(anonymous_1)
FN:10,(anonymous_2)
FNF:3
FNH:3
FNDA:5,(anonymous_0)
FNDA:3,(anonymous_1)
FNDA:2,(anonymous_2)
DA:4,5
DA:7,3
DA:11,2
LF:3
LH:3
BRF:0
BRH:0
end_of_record
TN:
SF:src\dev-tools-component.ts
FN:8,(anonymous_0)
FN:12,(anonymous_1)
FN:24,(anonymous_2)
FN:30,(anonymous_3)
FN:34,(anonymous_4)
FNF:5
FNH:5
FNDA:6,(anonymous_0)
FNDA:5,(anonymous_1)
FNDA:5,(anonymous_2)
FNDA:2,(anonymous_3)
FNDA:1,(anonymous_4)
DA:9,6
DA:13,5
DA:16,5
DA:17,5
DA:21,5
DA:22,5
DA:24,5
DA:25,5
DA:27,5
DA:31,2
DA:35,1
LF:11
LH:11
BRF:0
BRH:0
end_of_record
TN:
SF:src\emulate-mobile-mode.ts
FN:4,(anonymous_0)
FN:6,(anonymous_1)
FN:11,(anonymous_2)
FNF:3
FNH:3
FNDA:4,(anonymous_0)
FNDA:2,(anonymous_1)
FNDA:2,(anonymous_2)
DA:4,4
DA:8,2
DA:12,2
LF:3
LH:3
BRF:0
BRH:0
end_of_record
TN:
SF:src\error-stack-trace-limit-component.ts
FN:4,(anonymous_0)
FN:7,(anonymous_1)
FNF:2
FNH:2
FNDA:2,(anonymous_0)
FNDA:2,(anonymous_1)
DA:5,2
DA:6,2
DA:7,2
DA:8,2
LF:4
LH:4
BRF:0
BRH:0
end_of_record
TN:
SF:src\long-running-tasks-component.ts
FN:26,(anonymous_0)
FN:32,(anonymous_1)
FN:36,(anonymous_2)
FN:44,(anonymous_3)
FN:50,(anonymous_4)
FN:60,(anonymous_5)
FN:67,(anonymous_6)
FN:75,(anonymous_7)
FN:82,run
FN:96,rejectWithDetails
FN:97,(anonymous_10)
FN:110,(anonymous_11)
FN:116,(anonymous_12)
FNF:13
FNH:10
FNDA:10,(anonymous_0)
FNDA:9,(anonymous_1)
FNDA:2,(anonymous_2)
FNDA:9,(anonymous_3)
FNDA:0,(anonymous_4)
FNDA:0,(anonymous_5)
FNDA:5,(anonymous_6)
FNDA:5,(anonymous_7)
FNDA:5,run
FNDA:5,rejectWithDetails
FNDA:2,(anonymous_10)
FNDA:0,(anonymous_11)
FNDA:5,(anonymous_12)
DA:13,3
DA:27,10
DA:28,10
DA:29,10
DA:33,9
DA:34,9
DA:35,2
DA:37,2
DA:42,9
DA:43,9
DA:44,9
DA:48,9
DA:51,0
DA:52,0
DA:53,0
DA:58,9
DA:61,0
DA:62,0
DA:68,5
DA:69,5
DA:70,5
DA:75,5
DA:76,5
DA:78,5
DA:79,5
DA:80,5
DA:83,5
DA:84,5
DA:86,1
DA:89,1
DA:90,1
DA:92,4
DA:97,5
DA:98,2
DA:99,1
DA:102,1
DA:105,1
DA:111,0
DA:117,5
DA:118,5
DA:119,5
LF:41
LH:35
BRDA:34,0,0,2
BRDA:34,0,1,7
BRDA:42,1,0,9
BRDA:42,1,1,0
BRDA:51,2,0,0
BRDA:51,2,1,0
BRDA:98,3,0,1
BRDA:98,3,1,1
BRF:8
BRH:5
end_of_record
TN:
SF:src\main.ts
FNF:0
FNH:0
LF:0
LH:0
BRF:0
BRH:0
end_of_record
TN:
SF:src\multi-weak-map.ts
FN:7,(anonymous_0)
FN:11,(anonymous_1)
FN:33,(anonymous_2)
FN:47,(anonymous_3)
FN:58,isWeakMapKey
FNF:5
FNH:5
FNDA:62,(anonymous_0)
FNDA:31,(anonymous_1)
FNDA:18,(anonymous_2)
FNDA:16,(anonymous_3)
FNDA:90,isWeakMapKey
DA:2,42
DA:5,42
DA:8,62
DA:12,31
DA:14,31
DA:15,3
DA:18,28
DA:20,28
DA:21,15
DA:23,13
DA:26,28
DA:31,14
DA:34,18
DA:36,18
DA:37,31
DA:39,31
DA:40,5
DA:44,13
DA:48,16
DA:50,16
DA:51,31
DA:54,16
DA:59,90
LF:23
LH:23
BRDA:8,0,0,34
BRDA:8,0,1,28
BRDA:14,1,0,3
BRDA:14,1,1,28
BRDA:20,2,0,15
BRDA:20,2,1,13
BRDA:39,3,0,5
BRDA:39,3,1,26
BRDA:59,4,0,90
BRDA:59,4,1,87
BRDA:59,4,2,46
BRF:11
BRH:11
end_of_record
TN:
SF:src\plugin-settings-component.ts
FN:6,(anonymous_0)
FNF:1
FNH:1
FNDA:298,(anonymous_0)
DA:7,298
LF:1
LH:1
BRF:0
BRH:0
end_of_record
TN:
SF:src\plugin-settings-tab.ts
FN:28,(anonymous_0)
FN:35,(anonymous_1)
FN:41,(anonymous_2)
FN:48,(anonymous_3)
FN:51,(anonymous_4)
FN:58,(anonymous_5)
FN:66,(anonymous_6)
FN:69,(anonymous_7)
FN:77,(anonymous_8)
FN:94,(anonymous_9)
FN:97,(anonymous_10)
FN:108,(anonymous_11)
FN:110,(anonymous_12)
FN:118,(anonymous_13)
FN:126,(anonymous_14)
FN:135,(anonymous_15)
FN:143,(anonymous_16)
FN:152,(anonymous_17)
FN:158,(anonymous_18)
FN:170,(anonymous_19)
FN:173,(anonymous_20)
FN:182,(anonymous_21)
FN:188,(anonymous_22)
FN:196,(anonymous_23)
FN:200,(anonymous_24)
FN:203,(anonymous_25)
FN:219,(anonymous_26)
FN:224,(anonymous_27)
FNF:28
FNH:22
FNDA:4,(anonymous_0)
FNDA:4,(anonymous_1)
FNDA:4,(anonymous_2)
FNDA:4,(anonymous_3)
FNDA:0,(anonymous_4)
FNDA:4,(anonymous_5)
FNDA:4,(anonymous_6)
FNDA:0,(anonymous_7)
FNDA:4,(anonymous_8)
FNDA:4,(anonymous_9)
FNDA:0,(anonymous_10)
FNDA:4,(anonymous_11)
FNDA:0,(anonymous_12)
FNDA:4,(anonymous_13)
FNDA:4,(anonymous_14)
FNDA:4,(anonymous_15)
FNDA:4,(anonymous_16)
FNDA:4,(anonymous_17)
FNDA:4,(anonymous_18)
FNDA:4,(anonymous_19)
FNDA:0,(anonymous_20)
FNDA:4,(anonymous_21)
FNDA:4,(anonymous_22)
FNDA:4,(anonymous_23)
FNDA:4,(anonymous_24)
FNDA:4,(anonymous_25)
FNDA:4,(anonymous_26)
FNDA:0,(anonymous_27)
DA:29,4
DA:30,4
DA:31,4
DA:32,4
DA:36,4
DA:37,4
DA:39,4
DA:42,4
DA:43,4
DA:44,4
DA:45,4
DA:46,4
DA:49,4
DA:52,0
DA:56,4
DA:59,4
DA:61,4
DA:62,4
DA:63,4
DA:64,4
DA:67,4
DA:70,0
DA:75,4
DA:78,4
DA:79,4
DA:80,4
DA:81,4
DA:82,4
DA:83,4
DA:84,4
DA:85,4
DA:86,4
DA:87,4
DA:88,4
DA:95,4
DA:98,0
DA:99,0
DA:102,4
DA:105,4
DA:109,4
DA:111,0
DA:116,4
DA:119,4
DA:121,4
DA:122,4
DA:123,4
DA:124,4
DA:127,4
DA:132,4
DA:136,4
DA:141,4
DA:144,4
DA:145,4
DA:146,4
DA:147,4
DA:148,4
DA:149,4
DA:150,4
DA:153,4
DA:156,4
DA:159,4
DA:161,4
DA:162,4
DA:163,4
DA:164,4
DA:165,4
DA:166,4
DA:171,4
DA:174,0
DA:180,4
DA:183,4
DA:185,4
DA:186,4
DA:189,4
DA:194,4
DA:197,4
DA:198,4
DA:201,4
DA:202,4
DA:204,4
DA:207,4
DA:208,4
DA:209,4
DA:210,4
DA:211,4
DA:212,4
DA:213,4
DA:214,4
DA:215,4
DA:220,4
DA:221,4
DA:222,4
DA:225,0
DA:226,0
DA:228,0
DA:230,0
LF:96
LH:86
BRDA:72,0,0,4
BRDA:72,0,1,0
BRDA:129,1,0,4
BRDA:129,1,1,4
BRDA:191,2,0,4
BRDA:191,2,1,4
BRDA:225,3,0,0
BRDA:225,3,1,0
BRF:8
BRH:5
end_of_record
TN:
SF:src\plugin-settings.ts
FNF:0
FNH:0
DA:2,301
DA:3,301
DA:4,301
DA:5,301
DA:6,301
DA:8,301
LF:6
LH:6
BRF:0
BRH:0
end_of_record
TN:
SF:src\plugin.ts
FN:28,(anonymous_0)
FNF:1
FNH:0
FNDA:0,(anonymous_0)
DA:29,0
DA:31,0
DA:32,0
DA:39,0
DA:46,0
DA:48,0
DA:64,0
DA:69,0
DA:71,0
LF:9
LH:0
BRF:0
BRH:0
end_of_record
TN:
SF:src\command-handlers\toggle-dev-tools-button-command.ts
FN:6,(anonymous_0)
FN:14,(anonymous_1)
FNF:2
FNH:2
FNDA:3,(anonymous_0)
FNDA:1,(anonymous_1)
DA:6,3
DA:7,3
DA:15,1
LF:3
LH:3
BRF:0
BRH:0
end_of_record
TN:
SF:src\long-stack-traces\async-long-stack-traces-component-desktop.ts
FN:32,(anonymous_0)
FN:38,(anonymous_1)
FN:64,(anonymous_2)
FN:68,(anonymous_3)
FN:81,(anonymous_4)
FN:84,(anonymous_5)
FN:89,(anonymous_6)
FN:102,(anonymous_7)
FNF:8
FNH:5
FNDA:41,(anonymous_0)
FNDA:10,(anonymous_1)
FNDA:74,(anonymous_2)
FNDA:35,(anonymous_3)
FNDA:0,(anonymous_4)
FNDA:0,(anonymous_5)
FNDA:0,(anonymous_6)
FNDA:119,(anonymous_7)
DA:25,41
DA:26,41
DA:33,41
DA:34,41
DA:35,41
DA:39,10
DA:40,10
DA:43,0
DA:44,0
DA:47,0
DA:48,0
DA:49,0
DA:52,0
DA:53,10
DA:55,10
DA:56,0
DA:57,0
DA:60,0
DA:61,10
DA:65,74
DA:69,35
DA:70,35
DA:71,35
DA:74,0
DA:79,0
DA:81,0
DA:85,0
DA:86,0
DA:90,0
DA:91,0
DA:94,0
DA:96,0
DA:103,119
LF:33
LH:15
BRDA:39,0,0,10
BRDA:39,0,1,0
BRDA:43,1,0,0
BRDA:43,1,1,0
BRDA:48,2,0,0
BRDA:48,2,1,0
BRDA:52,3,0,0
BRDA:52,3,1,0
BRDA:55,4,0,0
BRDA:55,4,1,10
BRDA:60,5,0,0
BRDA:60,5,1,0
BRDA:65,6,0,0
BRDA:65,6,1,74
BRDA:70,7,0,35
BRDA:70,7,1,0
BRDA:90,8,0,0
BRDA:90,8,1,0
BRF:18
BRH:4
end_of_record
TN:
SF:src\long-stack-traces\long-stack-traces-component-desktop.ts
FN:94,(anonymous_0)
FN:111,(anonymous_1)
FN:118,(anonymous_2)
FN:124,(anonymous_3)
FN:125,(anonymous_4)
FN:133,(anonymous_5)
FN:144,(anonymous_6)
FN:151,(anonymous_7)
FN:180,(anonymous_8)
FN:202,(anonymous_9)
FN:203,patchedRemoveEventListener
FN:235,(anonymous_11)
FN:258,(anonymous_12)
FN:262,(anonymous_13)
FN:266,(anonymous_14)
FN:271,(anonymous_15)
FN:272,patchedFn
FN:286,(anonymous_17)
FN:298,(anonymous_18)
FN:300,(anonymous_19)
FN:300,(anonymous_20)
FN:304,(anonymous_21)
FN:309,(anonymous_22)
FN:326,(anonymous_23)
FN:330,(anonymous_24)
FN:332,PatchedError
FN:349,(anonymous_26)
FN:360,(anonymous_27)
FN:383,(anonymous_28)
FN:389,(anonymous_29)
FN:410,PatchedChildError
FN:437,(anonymous_31)
FN:443,(anonymous_32)
FN:477,(anonymous_33)
FN:500,(anonymous_34)
FN:503,(anonymous_35)
FN:504,(anonymous_36)
FN:511,(anonymous_37)
FN:518,wrappedFn
FN:537,(anonymous_39)
FN:549,generateStackTraceLine
FN:553,isEventListenerObject
FNF:42
FNH:42
FNDA:11888,(anonymous_0)
FNDA:42,(anonymous_1)
FNDA:4,(anonymous_2)
FNDA:39,(anonymous_3)
FNDA:37,(anonymous_4)
FNDA:8,(anonymous_5)
FNDA:10,(anonymous_6)
FNDA:33,(anonymous_7)
FNDA:32,(anonymous_8)
FNDA:32,(anonymous_9)
FNDA:2,patchedRemoveEventListener
FNDA:32,(anonymous_11)
FNDA:73,(anonymous_12)
FNDA:33,(anonymous_13)
FNDA:320,(anonymous_14)
FNDA:320,(anonymous_15)
FNDA:38,patchedFn
FNDA:2,(anonymous_17)
FNDA:12,(anonymous_18)
FNDA:245,(anonymous_19)
FNDA:964,(anonymous_20)
FNDA:34,(anonymous_21)
FNDA:32,(anonymous_22)
FNDA:2,(anonymous_23)
FNDA:32,(anonymous_24)
FNDA:74,PatchedError
FNDA:7,(anonymous_26)
FNDA:1,(anonymous_27)
FNDA:32,(anonymous_28)
FNDA:32,(anonymous_29)
FNDA:3,PatchedChildError
FNDA:256,(anonymous_31)
FNDA:38,(anonymous_32)
FNDA:2,(anonymous_33)
FNDA:34,(anonymous_34)
FNDA:3,(anonymous_35)
FNDA:2,(anonymous_36)
FNDA:61,(anonymous_37)
FNDA:38,wrappedFn
FNDA:38,(anonymous_39)
FNDA:5,generateStackTraceLine
FNDA:7,isEventListenerObject
DA:76,2
DA:95,11888
DA:96,2
DA:98,11886
DA:108,42
DA:112,42
DA:113,42
DA:114,42
DA:115,42
DA:119,4
DA:120,4
DA:121,4
DA:123,4
DA:124,39
DA:125,37
DA:127,4
DA:128,3
DA:129,3
DA:134,8
DA:136,8
DA:137,1
DA:140,8
DA:141,8
DA:145,10
DA:146,2
DA:147,2
DA:152,33
DA:153,33
DA:154,1
DA:157,32
DA:164,32
DA:165,32
DA:168,32
DA:175,32
DA:180,32
DA:181,32
DA:182,128
DA:192,32
DA:200,32
DA:201,32
DA:203,32
DA:209,2
DA:214,32
DA:221,32
DA:228,32
DA:235,32
DA:236,32
DA:244,32
DA:251,32
DA:255,32
DA:259,73
DA:263,33
DA:267,320
DA:269,320
DA:270,320
DA:272,320
DA:273,38
DA:287,2
DA:288,2
DA:289,2
DA:290,2
DA:292,2
DA:293,0
DA:295,2
DA:299,12
DA:300,964
DA:305,34
DA:306,34
DA:310,32
DA:311,32
DA:312,32
DA:313,17952
DA:314,17952
DA:315,17952
DA:316,256
DA:319,0
DA:323,32
DA:327,2
DA:331,32
DA:333,74
DA:334,1
DA:337,73
DA:338,74
DA:340,74
DA:341,74
DA:343,74
DA:345,74
DA:346,74
DA:350,7
DA:351,2
DA:354,5
DA:355,7
DA:356,7
DA:357,7
DA:358,7
DA:361,1
DA:362,1
DA:366,74
DA:369,32
DA:370,32
DA:371,32
DA:373,32
DA:380,32
DA:381,32
DA:383,32
DA:384,32
DA:385,32
DA:390,32
DA:392,32
DA:393,32
DA:395,32
DA:396,32
DA:398,32
DA:399,256
DA:400,256
DA:401,0
DA:404,256
DA:405,256
DA:406,256
DA:407,0
DA:411,3
DA:412,3
DA:413,0
DA:416,3
DA:417,1
DA:420,2
DA:421,0
DA:424,2
DA:425,3
DA:426,3
DA:429,256
DA:430,256
DA:431,256
DA:433,256
DA:435,256
DA:437,256
DA:438,256
DA:444,38
DA:445,38
DA:447,38
DA:448,65
DA:452,65
DA:454,0
DA:455,65
DA:456,60
DA:457,5
DA:458,1
DA:460,4
DA:463,61
DA:471,61
DA:474,38
DA:484,2
DA:486,2
DA:487,1
DA:488,1
DA:491,1
DA:493,1
DA:494,1
DA:496,0
DA:501,34
DA:502,34
DA:503,3
DA:504,3
DA:505,2
DA:512,61
DA:517,61
DA:519,38
DA:527,61
DA:534,61
DA:538,38
DA:539,38
DA:541,38
DA:542,38
DA:544,38
DA:550,5
DA:554,7
LF:176
LH:168
BRDA:95,0,0,2
BRDA:95,0,1,11886
BRDA:124,1,0,39
BRDA:124,1,1,37
BRDA:125,2,0,37
BRDA:125,2,1,2
BRDA:127,3,0,3
BRDA:127,3,1,1
BRDA:136,4,0,1
BRDA:136,4,1,7
BRDA:137,5,0,1
BRDA:137,5,1,0
BRDA:145,6,0,2
BRDA:145,6,1,8
BRDA:153,7,0,1
BRDA:153,7,1,32
BRDA:259,8,0,73
BRDA:259,8,1,1
BRDA:292,9,0,0
BRDA:292,9,1,2
BRDA:299,10,0,11
BRDA:299,10,1,1
BRDA:300,11,0,245
BRDA:300,11,1,245
BRDA:306,12,0,1
BRDA:306,12,1,33
BRDA:315,13,0,256
BRDA:315,13,1,17696
BRDA:315,14,0,17952
BRDA:315,14,1,11616
BRDA:333,15,0,1
BRDA:333,15,1,73
BRDA:337,16,0,73
BRDA:337,16,1,0
BRDA:350,17,0,2
BRDA:350,17,1,5
BRDA:354,18,0,5
BRDA:354,18,1,0
BRDA:381,19,0,32
BRDA:381,19,1,1
BRDA:400,20,0,0
BRDA:400,20,1,256
BRDA:406,21,0,0
BRDA:406,21,1,256
BRDA:412,22,0,0
BRDA:412,22,1,3
BRDA:416,23,0,1
BRDA:416,23,1,2
BRDA:420,24,0,0
BRDA:420,24,1,2
BRDA:424,25,0,2
BRDA:424,25,1,0
BRDA:444,26,0,27
BRDA:444,26,1,11
BRDA:452,27,0,0
BRDA:452,27,1,65
BRDA:452,28,0,65
BRDA:452,28,1,0
BRDA:455,29,0,60
BRDA:455,29,1,5
BRDA:457,30,0,1
BRDA:457,30,1,4
BRDA:484,31,0,0
BRDA:484,31,1,2
BRDA:486,32,0,1
BRDA:486,32,1,1
BRDA:493,33,0,1
BRDA:493,33,1,0
BRDA:502,34,0,3
BRDA:502,34,1,31
BRF:70
BRH:57
end_of_record
TN:
SF:src\long-stack-traces\long-stack-traces-component.ts
FN:21,(anonymous_0)
FN:28,(anonymous_1)
FN:42,(anonymous_2)
FN:52,(anonymous_3)
FNF:4
FNH:1
FNDA:1,(anonymous_0)
FNDA:0,(anonymous_1)
FNDA:0,(anonymous_2)
FNDA:0,(anonymous_3)
DA:22,1
DA:23,1
DA:24,1
DA:25,1
DA:29,0
DA:30,0
DA:32,0
DA:37,0
DA:40,0
DA:43,0
DA:44,0
DA:45,0
DA:50,0
DA:53,0
DA:54,0
LF:15
LH:4
BRDA:30,0,0,0
BRDA:30,0,1,0
BRDA:43,1,0,0
BRDA:43,1,1,0
BRF:4
BRH:0
end_of_record
TN:
SF:src\styles\scss.d.ts
FNF:0
FNH:0
LF:0
LH:0
BRF:0
BRH:0
end_of_record
